2024-05-18 06:55:31,343 [ERROR] Error while validating pooled Jedis object.
redis.clients.jedis.exceptions.JedisConnectionException: java.net.SocketException: Connection reset by peer
	at redis.clients.jedis.Connection.flush(Connection.java:340)
	at redis.clients.jedis.Connection.getStatusCodeReply(Connection.java:267)
	at redis.clients.jedis.Jedis.ping(Jedis.java:339)
	at redis.clients.jedis.JedisFactory.validateObject(JedisFactory.java:198)
	at org.apache.commons.pool2.impl.GenericObjectPool.borrowObject(GenericObjectPool.java:347)
	at org.apache.commons.pool2.impl.GenericObjectPool.borrowObject(GenericObjectPool.java:233)
	at redis.clients.jedis.util.Pool.getResource(Pool.java:38)
	at redis.clients.jedis.JedisPool.getResource(JedisPool.java:378)
	at redis.clients.jedis.JedisPool.getResource(JedisPool.java:17)
	at com.backendless.redis.JedisManager.getJedis(JedisManager.java:45)
	at com.backendless.coderunner.DebugJedisManager.getJedis(DebugJedisManager.java:42)
	at com.backendless.coderunner.processor.AbstractMessageProcessor.pollMessage(AbstractMessageProcessor.java:147)
	at com.backendless.coderunner.processor.AbstractMessageProcessor.run(AbstractMessageProcessor.java:60)
Caused by: java.net.SocketException: Connection reset by peer
	at java.base/sun.nio.ch.NioSocketImpl.implWrite(NioSocketImpl.java:420)
	at java.base/sun.nio.ch.NioSocketImpl.write(NioSocketImpl.java:440)
	at java.base/sun.nio.ch.NioSocketImpl$2.write(NioSocketImpl.java:826)
	at java.base/java.net.Socket$SocketOutputStream.write(Socket.java:1045)
	at redis.clients.jedis.util.RedisOutputStream.flushBuffer(RedisOutputStream.java:57)
	at redis.clients.jedis.util.RedisOutputStream.flush(RedisOutputStream.java:138)
	at redis.clients.jedis.Connection.flush(Connection.java:337)
	... 12 common frames omitted
2024-05-18 06:56:07,885 [ERROR] Cannot invoke "String.isBlank()" because "argument" is null
2024-05-18 06:56:07,885 [WARN] Please wait. Stopping all running tasks and started threads, and freeing resources.
2024-05-18 06:56:08,810 [INFO] Debugging Utility disconnected successfully
2024-05-18 06:56:08,811 [INFO] Thank you for using Backendless
2024-05-18 06:56:29,034 [INFO] Local Date and Time: 2024-05-18T06:56:29.033111400
2024-05-18 06:56:29,038 [INFO] JDK from "JAVA_HOME" - C:\Users\STASON\.jdks\azul-17.0.6
2024-05-18 06:56:29,094 [INFO] CodeRunner(tm) Backendless Debugging Utility
2024-05-18 06:56:29,095 [INFO] Copyright(C) 2024 Backendless Corp. All rights reserved. 
2024-05-18 06:56:29,096 [INFO] Build date: 2024-05-09T16:36:03Z
Version: 7.0.12.7
Build id: 258147
VCS revision: 8b847affdd300ff3532c216eaec2d9df82dbf1a9
2024-05-18 06:56:29,098 [INFO] CodeRunner session is running for 2 hours and will be terminated on 08:56:29.096111100[UTC]
2024-05-18 06:56:29,243 [INFO] Management port is absent, management server not started
2024-05-18 06:56:29,244 [INFO] Registering runner on: 'https://eu-api.backendless.com'
2024-05-18 06:56:29,244 [INFO] Application ID:  'D6BB7AB9-473E-1462-FF54-292662C3A500'
2024-05-18 06:56:29,244 [INFO] Api key:         'F7E8DCCE-7480-46CF-B7E5-77A2D6D558DE'
2024-05-18 06:56:30,581 [INFO] Runner successfully registered
2024-05-18 06:56:30,592 [INFO] Parsing event model...
2024-05-18 06:56:30,617 [WARN] Timer's 'CheckCompleteYearsFromCreatedDate' start time is in the past. The timer will run accordingly to the schedule.
2024-05-18 06:56:30,756 [INFO] Scan file: '..\libs\commons-6.7.5.1.jar'
2024-05-18 06:56:30,759 [ERROR] Error while parsing jar file ..\libs\commons-6.7.5.1.jar. com/fasterxml/jackson/databind/JsonSerializer
2024-05-18 06:56:30,760 [INFO] Scan file: '..\libs\java-client-sdk-7.0.6.jar'
2024-05-18 06:56:30,762 [INFO] Scan file: '..\libs\java-sdk-common-7.0.6.jar'
2024-05-18 06:56:30,806 [ERROR] Error while parsing jar file ..\libs\java-sdk-common-7.0.6.jar. io/socket/emitter/Emitter$Listener
2024-05-18 06:56:30,807 [INFO] Scan file: '..\libs\servlet-api-2.5.jar'
2024-05-18 06:56:30,816 [INFO] Scan file: '..\libs\weborbclient-5.2.0.8.jar'
2024-05-18 06:56:30,820 [ERROR] Error while parsing jar file ..\libs\weborbclient-5.2.0.8.jar. org/apache/mina/core/future/IoFutureListener
2024-05-18 06:56:30,821 [INFO] In target directory '..\libs' present 5 jar files: [commons-6.7.5.1.jar, java-client-sdk-7.0.6.jar, java-sdk-common-7.0.6.jar, servlet-api-2.5.jar, weborbclient-5.2.0.8.jar]
2024-05-18 06:56:30,821 [INFO] Service classes size from libs: 0
2024-05-18 06:56:30,823 [INFO] Service classes size from classes: 0
2024-05-18 06:56:30,823 [INFO] Service classes is empty
2024-05-18 06:56:30,949 [INFO] Build successfully: 2 event handlers and 1 timer and 0 services
2024-05-18 06:56:30,950 [INFO] Deploying model to server, and starting debug...
2024-05-18 06:56:31,363 [INFO] Model successfully deployed.
2024-05-18 06:56:31,363 [INFO] Waiting for events...
2024-05-18 06:58:53,966 [INFO] Called timer task TimerInvocationTask{className='com.social_network.timers.CheckCompleteYearsFromCreatedDateTimer', abstractRequest=RequestMethodInvocation(super=InvocationRequest(super=AbstractRequest(lang=JAVA, id=BF962AAE-7EE5-4BEF-9E9E-3DCC942F7DA3, responseChannelId=null, applicationId=D6BB7AB9-473E-1462-FF54-292662C3A500, initAppData=InitAppData{apiKey='F7E8DCCE-7480-46CF-B7E5-77A2D6D558DE', url='https://eu-api.backendless.com'}, timestamp=1716015533500, invocationOverheadTimeoutInMillis=0, timeout=7200000, threadCount=1, invocationContextDto=null, relativePath=files/servercode/JAVA/default/DEBUG/, deploymentModelName=default, loggers=[Logger(id=21AF64CC-3637-4224-B72E-26BC5D571019, name=Global logger, level=ALL, policy=DATE-BASED, value=, logFormat=%d | %c | %5p | %m%n), Logger(id=3748215C-8222-4FBC-A00E-60925713C808, name=js/login.js, level=ERROR, policy=DATE-BASED, value=null, logFormat=%d | %c | %5p | %m%n), Logger(id=43909149-65A9-4C62-A130-0F17FFAE64F9, name=js.login.js, level=ERROR, policy=DATE-BASED, value=null, logFormat=%d | %c | %5p | %m%n), Logger(id=B11DA6A9-73FC-4CFC-94FF-458C6772390A, name=SMTP Logger, level=ERROR, policy=DATE-BASED, value=null, logFormat=%d | %c | %5p | %m%n), Logger(id=D21161B2-811C-4D86-9743-A91E10466A62, name=js/files.js, level=ERROR, policy=DATE-BASED, value=null, logFormat=%d | %c | %5p | %m%n), Logger(id=EAEABAEB-D6B9-417B-AAD6-C74C8141C65A, name=js/global.js, level=ERROR, policy=DATE-BASED, value=null, logFormat=%d | %c | %5p | %m%n)]), mode=Debug, async=true), eventId=800, arguments=null, target=CheckCompleteYearsFromCreatedDate, provider=com.social_network.timers.CheckCompleteYearsFromCreatedDateTimer)}
2024-05-18 07:03:13,751 [ERROR] Cannot invoke "String.isBlank()" because "argument" is null
2024-05-18 07:03:13,751 [WARN] Please wait. Stopping all running tasks and started threads, and freeing resources.
2024-05-18 07:03:14,568 [INFO] Debugging Utility disconnected successfully
2024-05-18 07:03:14,569 [INFO] Thank you for using Backendless
2024-05-18 07:03:27,133 [INFO] Local Date and Time: 2024-05-18T07:03:27.132277700
2024-05-18 07:03:27,137 [INFO] JDK from "JAVA_HOME" - C:\Users\STASON\.jdks\azul-17.0.6
2024-05-18 07:03:27,202 [INFO] CodeRunner(tm) Backendless Debugging Utility
2024-05-18 07:03:27,202 [INFO] Copyright(C) 2024 Backendless Corp. All rights reserved. 
2024-05-18 07:03:27,203 [INFO] Build date: 2024-05-09T16:36:03Z
Version: 7.0.12.7
Build id: 258147
VCS revision: 8b847affdd300ff3532c216eaec2d9df82dbf1a9
2024-05-18 07:03:27,205 [INFO] CodeRunner session is running for 2 hours and will be terminated on 09:03:27.204274[UTC]
2024-05-18 07:03:27,363 [INFO] Management port is absent, management server not started
2024-05-18 07:03:27,364 [INFO] Registering runner on: 'https://eu-api.backendless.com'
2024-05-18 07:03:27,364 [INFO] Application ID:  'D6BB7AB9-473E-1462-FF54-292662C3A500'
2024-05-18 07:03:27,364 [INFO] Api key:         'F7E8DCCE-7480-46CF-B7E5-77A2D6D558DE'
2024-05-18 07:03:28,627 [INFO] Runner successfully registered
2024-05-18 07:03:28,638 [INFO] Parsing event model...
2024-05-18 07:03:28,690 [WARN] Timer's 'CheckCompleteYearsFromCreatedDate' start time is in the past. The timer will run accordingly to the schedule.
2024-05-18 07:03:28,818 [INFO] Scan file: '..\libs\commons-6.7.5.1.jar'
2024-05-18 07:03:28,820 [ERROR] Error while parsing jar file ..\libs\commons-6.7.5.1.jar. com/fasterxml/jackson/databind/JsonSerializer
2024-05-18 07:03:28,821 [INFO] Scan file: '..\libs\java-client-sdk-7.0.6.jar'
2024-05-18 07:03:28,824 [INFO] Scan file: '..\libs\java-sdk-common-7.0.6.jar'
2024-05-18 07:03:28,870 [ERROR] Error while parsing jar file ..\libs\java-sdk-common-7.0.6.jar. io/socket/emitter/Emitter$Listener
2024-05-18 07:03:28,871 [INFO] Scan file: '..\libs\servlet-api-2.5.jar'
2024-05-18 07:03:28,883 [INFO] Scan file: '..\libs\weborbclient-5.2.0.8.jar'
2024-05-18 07:03:28,887 [ERROR] Error while parsing jar file ..\libs\weborbclient-5.2.0.8.jar. org/apache/mina/core/future/IoFutureListener
2024-05-18 07:03:28,887 [INFO] In target directory '..\libs' present 5 jar files: [commons-6.7.5.1.jar, java-client-sdk-7.0.6.jar, java-sdk-common-7.0.6.jar, servlet-api-2.5.jar, weborbclient-5.2.0.8.jar]
2024-05-18 07:03:28,888 [INFO] Service classes size from libs: 0
2024-05-18 07:03:28,890 [INFO] Service classes size from classes: 0
2024-05-18 07:03:28,890 [INFO] Service classes is empty
2024-05-18 07:03:29,013 [INFO] Build successfully: 2 event handlers and 1 timer and 0 services
2024-05-18 07:03:29,014 [INFO] Deploying model to server, and starting debug...
2024-05-18 07:03:29,402 [INFO] Model successfully deployed.
2024-05-18 07:03:29,402 [INFO] Waiting for events...
2024-05-18 07:03:54,697 [INFO] Called timer task TimerInvocationTask{className='com.social_network.timers.CheckCompleteYearsFromCreatedDateTimer', abstractRequest=RequestMethodInvocation(super=InvocationRequest(super=AbstractRequest(lang=JAVA, id=B580A0BF-A245-4102-876D-3B267381E93C, responseChannelId=null, applicationId=D6BB7AB9-473E-1462-FF54-292662C3A500, initAppData=InitAppData{apiKey='F7E8DCCE-7480-46CF-B7E5-77A2D6D558DE', url='https://eu-api.backendless.com'}, timestamp=1716015834716, invocationOverheadTimeoutInMillis=0, timeout=7200000, threadCount=1, invocationContextDto=null, relativePath=files/servercode/JAVA/default/DEBUG/, deploymentModelName=default, loggers=[Logger(id=21AF64CC-3637-4224-B72E-26BC5D571019, name=Global logger, level=ALL, policy=DATE-BASED, value=, logFormat=%d | %c | %5p | %m%n), Logger(id=3748215C-8222-4FBC-A00E-60925713C808, name=js/login.js, level=ERROR, policy=DATE-BASED, value=null, logFormat=%d | %c | %5p | %m%n), Logger(id=43909149-65A9-4C62-A130-0F17FFAE64F9, name=js.login.js, level=ERROR, policy=DATE-BASED, value=null, logFormat=%d | %c | %5p | %m%n), Logger(id=B11DA6A9-73FC-4CFC-94FF-458C6772390A, name=SMTP Logger, level=ERROR, policy=DATE-BASED, value=null, logFormat=%d | %c | %5p | %m%n), Logger(id=D21161B2-811C-4D86-9743-A91E10466A62, name=js/files.js, level=ERROR, policy=DATE-BASED, value=null, logFormat=%d | %c | %5p | %m%n), Logger(id=EAEABAEB-D6B9-417B-AAD6-C74C8141C65A, name=js/global.js, level=ERROR, policy=DATE-BASED, value=null, logFormat=%d | %c | %5p | %m%n)]), mode=Debug, async=true), eventId=800, arguments=null, target=CheckCompleteYearsFromCreatedDate, provider=com.social_network.timers.CheckCompleteYearsFromCreatedDateTimer)}
2024-05-18 07:05:18,254 [ERROR] Cannot invoke "String.isBlank()" because "argument" is null
2024-05-18 07:05:18,255 [WARN] Please wait. Stopping all running tasks and started threads, and freeing resources.
2024-05-18 07:05:19,077 [INFO] Debugging Utility disconnected successfully
2024-05-18 07:05:19,077 [INFO] Thank you for using Backendless
2024-05-18 07:05:28,235 [INFO] Local Date and Time: 2024-05-18T07:05:28.234880100
2024-05-18 07:05:28,239 [INFO] JDK from "JAVA_HOME" - C:\Users\STASON\.jdks\azul-17.0.6
2024-05-18 07:05:28,303 [INFO] CodeRunner(tm) Backendless Debugging Utility
2024-05-18 07:05:28,304 [INFO] Copyright(C) 2024 Backendless Corp. All rights reserved. 
2024-05-18 07:05:28,305 [INFO] Build date: 2024-05-09T16:36:03Z
Version: 7.0.12.7
Build id: 258147
VCS revision: 8b847affdd300ff3532c216eaec2d9df82dbf1a9
2024-05-18 07:05:28,306 [INFO] CodeRunner session is running for 2 hours and will be terminated on 09:05:28.305878400[UTC]
2024-05-18 07:05:28,452 [INFO] Management port is absent, management server not started
2024-05-18 07:05:28,452 [INFO] Registering runner on: 'https://eu-api.backendless.com'
2024-05-18 07:05:28,453 [INFO] Application ID:  'D6BB7AB9-473E-1462-FF54-292662C3A500'
2024-05-18 07:05:28,453 [INFO] Api key:         'F7E8DCCE-7480-46CF-B7E5-77A2D6D558DE'
2024-05-18 07:05:29,673 [INFO] Runner successfully registered
2024-05-18 07:05:29,684 [INFO] Parsing event model...
2024-05-18 07:05:29,731 [WARN] Timer's 'CheckCompleteYearsFromCreatedDate' start time is in the past. The timer will run accordingly to the schedule.
2024-05-18 07:05:29,859 [INFO] Scan file: '..\libs\commons-6.7.5.1.jar'
2024-05-18 07:05:29,861 [ERROR] Error while parsing jar file ..\libs\commons-6.7.5.1.jar. com/fasterxml/jackson/databind/JsonSerializer
2024-05-18 07:05:29,862 [INFO] Scan file: '..\libs\java-client-sdk-7.0.6.jar'
2024-05-18 07:05:29,865 [INFO] Scan file: '..\libs\java-sdk-common-7.0.6.jar'
2024-05-18 07:05:29,907 [ERROR] Error while parsing jar file ..\libs\java-sdk-common-7.0.6.jar. io/socket/emitter/Emitter$Listener
2024-05-18 07:05:29,908 [INFO] Scan file: '..\libs\servlet-api-2.5.jar'
2024-05-18 07:05:29,920 [INFO] Scan file: '..\libs\weborbclient-5.2.0.8.jar'
2024-05-18 07:05:29,925 [ERROR] Error while parsing jar file ..\libs\weborbclient-5.2.0.8.jar. org/apache/mina/core/future/IoFutureListener
2024-05-18 07:05:29,926 [INFO] In target directory '..\libs' present 5 jar files: [commons-6.7.5.1.jar, java-client-sdk-7.0.6.jar, java-sdk-common-7.0.6.jar, servlet-api-2.5.jar, weborbclient-5.2.0.8.jar]
2024-05-18 07:05:29,926 [INFO] Service classes size from libs: 0
2024-05-18 07:05:29,928 [INFO] Service classes size from classes: 0
2024-05-18 07:05:29,929 [INFO] Service classes is empty
2024-05-18 07:05:30,054 [INFO] Build successfully: 2 event handlers and 1 timer and 0 services
2024-05-18 07:05:30,055 [INFO] Deploying model to server, and starting debug...
2024-05-18 07:05:30,459 [INFO] Model successfully deployed.
2024-05-18 07:05:30,459 [INFO] Waiting for events...
2024-05-18 07:05:36,927 [INFO] Called timer task TimerInvocationTask{className='com.social_network.timers.CheckCompleteYearsFromCreatedDateTimer', abstractRequest=RequestMethodInvocation(super=InvocationRequest(super=AbstractRequest(lang=JAVA, id=2D158C96-F434-431D-AA4C-F195D4951F69, responseChannelId=null, applicationId=D6BB7AB9-473E-1462-FF54-292662C3A500, initAppData=InitAppData{apiKey='F7E8DCCE-7480-46CF-B7E5-77A2D6D558DE', url='https://eu-api.backendless.com'}, timestamp=1716015936935, invocationOverheadTimeoutInMillis=0, timeout=7200000, threadCount=1, invocationContextDto=null, relativePath=files/servercode/JAVA/default/DEBUG/, deploymentModelName=default, loggers=[Logger(id=21AF64CC-3637-4224-B72E-26BC5D571019, name=Global logger, level=ALL, policy=DATE-BASED, value=, logFormat=%d | %c | %5p | %m%n), Logger(id=3748215C-8222-4FBC-A00E-60925713C808, name=js/login.js, level=ERROR, policy=DATE-BASED, value=null, logFormat=%d | %c | %5p | %m%n), Logger(id=43909149-65A9-4C62-A130-0F17FFAE64F9, name=js.login.js, level=ERROR, policy=DATE-BASED, value=null, logFormat=%d | %c | %5p | %m%n), Logger(id=B11DA6A9-73FC-4CFC-94FF-458C6772390A, name=SMTP Logger, level=ERROR, policy=DATE-BASED, value=null, logFormat=%d | %c | %5p | %m%n), Logger(id=C85F799C-4933-4F86-90E7-934D3AA9109C, name=com.social_network.timers.CheckCompleteYearsFromCreatedDateTimer, level=INFO, policy=DATE-BASED, value=null, logFormat=%d | %c | %5p | %m%n), Logger(id=D21161B2-811C-4D86-9743-A91E10466A62, name=js/files.js, level=ERROR, policy=DATE-BASED, value=null, logFormat=%d | %c | %5p | %m%n), Logger(id=EAEABAEB-D6B9-417B-AAD6-C74C8141C65A, name=js/global.js, level=ERROR, policy=DATE-BASED, value=null, logFormat=%d | %c | %5p | %m%n)]), mode=Debug, async=true), eventId=800, arguments=null, target=CheckCompleteYearsFromCreatedDate, provider=com.social_network.timers.CheckCompleteYearsFromCreatedDateTimer)}
2024-05-18 07:10:26,601 [ERROR] Cannot invoke "String.isBlank()" because "argument" is null
2024-05-18 07:10:26,602 [WARN] Please wait. Stopping all running tasks and started threads, and freeing resources.
2024-05-18 07:10:27,554 [INFO] Debugging Utility disconnected successfully
2024-05-18 07:10:27,555 [INFO] Thank you for using Backendless
2024-05-18 07:10:31,123 [INFO] Local Date and Time: 2024-05-18T07:10:31.122633400
2024-05-18 07:10:31,127 [INFO] JDK from "JAVA_HOME" - C:\Users\STASON\.jdks\azul-17.0.6
2024-05-18 07:10:31,185 [INFO] CodeRunner(tm) Backendless Debugging Utility
2024-05-18 07:10:31,185 [INFO] Copyright(C) 2024 Backendless Corp. All rights reserved. 
2024-05-18 07:10:31,186 [INFO] Build date: 2024-05-09T16:36:03Z
Version: 7.0.12.7
Build id: 258147
VCS revision: 8b847affdd300ff3532c216eaec2d9df82dbf1a9
2024-05-18 07:10:31,188 [INFO] CodeRunner session is running for 2 hours and will be terminated on 09:10:31.186633[UTC]
2024-05-18 07:10:31,334 [INFO] Management port is absent, management server not started
2024-05-18 07:10:31,334 [INFO] Registering runner on: 'https://eu-api.backendless.com'
2024-05-18 07:10:31,335 [INFO] Application ID:  'D6BB7AB9-473E-1462-FF54-292662C3A500'
2024-05-18 07:10:31,335 [INFO] Api key:         'F7E8DCCE-7480-46CF-B7E5-77A2D6D558DE'
2024-05-18 07:10:32,595 [INFO] Runner successfully registered
2024-05-18 07:10:32,607 [INFO] Parsing event model...
2024-05-18 07:10:32,631 [WARN] Timer's 'CheckCompleteYearsFromCreatedDate' start time is in the past. The timer will run accordingly to the schedule.
2024-05-18 07:10:32,768 [INFO] Scan file: '..\libs\commons-6.7.5.1.jar'
2024-05-18 07:10:32,771 [ERROR] Error while parsing jar file ..\libs\commons-6.7.5.1.jar. com/fasterxml/jackson/databind/JsonSerializer
2024-05-18 07:10:32,771 [INFO] Scan file: '..\libs\java-client-sdk-7.0.6.jar'
2024-05-18 07:10:32,776 [INFO] Scan file: '..\libs\java-sdk-common-7.0.6.jar'
2024-05-18 07:10:32,821 [ERROR] Error while parsing jar file ..\libs\java-sdk-common-7.0.6.jar. io/socket/emitter/Emitter$Listener
2024-05-18 07:10:32,822 [INFO] Scan file: '..\libs\servlet-api-2.5.jar'
2024-05-18 07:10:32,833 [INFO] Scan file: '..\libs\weborbclient-5.2.0.8.jar'
2024-05-18 07:10:32,837 [ERROR] Error while parsing jar file ..\libs\weborbclient-5.2.0.8.jar. org/apache/mina/core/future/IoFutureListener
2024-05-18 07:10:32,838 [INFO] In target directory '..\libs' present 5 jar files: [commons-6.7.5.1.jar, java-client-sdk-7.0.6.jar, java-sdk-common-7.0.6.jar, servlet-api-2.5.jar, weborbclient-5.2.0.8.jar]
2024-05-18 07:10:32,838 [INFO] Service classes size from libs: 0
2024-05-18 07:10:32,840 [INFO] Service classes size from classes: 0
2024-05-18 07:10:32,841 [INFO] Service classes is empty
2024-05-18 07:10:32,963 [INFO] Build successfully: 2 event handlers and 1 timer and 0 services
2024-05-18 07:10:32,964 [INFO] Deploying model to server, and starting debug...
2024-05-18 07:10:33,361 [INFO] Model successfully deployed.
2024-05-18 07:10:33,362 [INFO] Waiting for events...
2024-05-18 07:10:39,474 [INFO] Called timer task TimerInvocationTask{className='com.social_network.timers.CheckCompleteYearsFromCreatedDateTimer', abstractRequest=RequestMethodInvocation(super=InvocationRequest(super=AbstractRequest(lang=JAVA, id=758C7908-7768-481D-82DA-37874153B983, responseChannelId=null, applicationId=D6BB7AB9-473E-1462-FF54-292662C3A500, initAppData=InitAppData{apiKey='F7E8DCCE-7480-46CF-B7E5-77A2D6D558DE', url='https://eu-api.backendless.com'}, timestamp=1716016239113, invocationOverheadTimeoutInMillis=0, timeout=7200000, threadCount=1, invocationContextDto=null, relativePath=files/servercode/JAVA/default/DEBUG/, deploymentModelName=default, loggers=[Logger(id=21AF64CC-3637-4224-B72E-26BC5D571019, name=Global logger, level=ALL, policy=DATE-BASED, value=, logFormat=%d | %c | %5p | %m%n), Logger(id=3748215C-8222-4FBC-A00E-60925713C808, name=js/login.js, level=ERROR, policy=DATE-BASED, value=null, logFormat=%d | %c | %5p | %m%n), Logger(id=43909149-65A9-4C62-A130-0F17FFAE64F9, name=js.login.js, level=ERROR, policy=DATE-BASED, value=null, logFormat=%d | %c | %5p | %m%n), Logger(id=B11DA6A9-73FC-4CFC-94FF-458C6772390A, name=SMTP Logger, level=ERROR, policy=DATE-BASED, value=null, logFormat=%d | %c | %5p | %m%n), Logger(id=C85F799C-4933-4F86-90E7-934D3AA9109C, name=com.social_network.timers.CheckCompleteYearsFromCreatedDateTimer, level=INFO, policy=DATE-BASED, value=null, logFormat=%d | %c | %5p | %m%n), Logger(id=D21161B2-811C-4D86-9743-A91E10466A62, name=js/files.js, level=ERROR, policy=DATE-BASED, value=null, logFormat=%d | %c | %5p | %m%n), Logger(id=EAEABAEB-D6B9-417B-AAD6-C74C8141C65A, name=js/global.js, level=ERROR, policy=DATE-BASED, value=null, logFormat=%d | %c | %5p | %m%n)]), mode=Debug, async=true), eventId=800, arguments=null, target=CheckCompleteYearsFromCreatedDate, provider=com.social_network.timers.CheckCompleteYearsFromCreatedDateTimer)}
2024-05-18 07:17:44,047 [ERROR] Cannot invoke "String.isBlank()" because "argument" is null
2024-05-18 07:17:44,048 [WARN] Please wait. Stopping all running tasks and started threads, and freeing resources.
2024-05-18 07:17:44,890 [INFO] Debugging Utility disconnected successfully
2024-05-18 07:17:44,891 [INFO] Thank you for using Backendless
2024-05-18 07:17:50,889 [INFO] Local Date and Time: 2024-05-18T07:17:50.888131900
2024-05-18 07:17:50,894 [INFO] JDK from "JAVA_HOME" - C:\Users\STASON\.jdks\azul-17.0.6
2024-05-18 07:17:50,950 [INFO] CodeRunner(tm) Backendless Debugging Utility
2024-05-18 07:17:50,950 [INFO] Copyright(C) 2024 Backendless Corp. All rights reserved. 
2024-05-18 07:17:50,951 [INFO] Build date: 2024-05-09T16:36:03Z
Version: 7.0.12.7
Build id: 258147
VCS revision: 8b847affdd300ff3532c216eaec2d9df82dbf1a9
2024-05-18 07:17:50,953 [INFO] CodeRunner session is running for 2 hours and will be terminated on 09:17:50.951149[UTC]
2024-05-18 07:17:51,100 [INFO] Management port is absent, management server not started
2024-05-18 07:17:51,101 [INFO] Registering runner on: 'https://eu-api.backendless.com'
2024-05-18 07:17:51,101 [INFO] Application ID:  'D6BB7AB9-473E-1462-FF54-292662C3A500'
2024-05-18 07:17:51,102 [INFO] Api key:         'F7E8DCCE-7480-46CF-B7E5-77A2D6D558DE'
2024-05-18 07:17:52,404 [INFO] Runner successfully registered
2024-05-18 07:17:52,415 [INFO] Parsing event model...
2024-05-18 07:17:52,441 [WARN] Timer's 'CheckCompleteYearsFromCreatedDate' start time is in the past. The timer will run accordingly to the schedule.
2024-05-18 07:17:52,574 [INFO] Scan file: '..\libs\commons-6.7.5.1.jar'
2024-05-18 07:17:52,576 [ERROR] Error while parsing jar file ..\libs\commons-6.7.5.1.jar. com/fasterxml/jackson/databind/JsonSerializer
2024-05-18 07:17:52,577 [INFO] Scan file: '..\libs\java-client-sdk-7.0.6.jar'
2024-05-18 07:17:52,579 [INFO] Scan file: '..\libs\java-sdk-common-7.0.6.jar'
2024-05-18 07:17:52,622 [ERROR] Error while parsing jar file ..\libs\java-sdk-common-7.0.6.jar. io/socket/emitter/Emitter$Listener
2024-05-18 07:17:52,623 [INFO] Scan file: '..\libs\servlet-api-2.5.jar'
2024-05-18 07:17:52,633 [INFO] Scan file: '..\libs\weborbclient-5.2.0.8.jar'
2024-05-18 07:17:52,637 [ERROR] Error while parsing jar file ..\libs\weborbclient-5.2.0.8.jar. org/apache/mina/core/future/IoFutureListener
2024-05-18 07:17:52,638 [INFO] In target directory '..\libs' present 5 jar files: [commons-6.7.5.1.jar, java-client-sdk-7.0.6.jar, java-sdk-common-7.0.6.jar, servlet-api-2.5.jar, weborbclient-5.2.0.8.jar]
2024-05-18 07:17:52,638 [INFO] Service classes size from libs: 0
2024-05-18 07:17:52,640 [INFO] Service classes size from classes: 0
2024-05-18 07:17:52,641 [INFO] Service classes is empty
2024-05-18 07:17:52,767 [INFO] Build successfully: 2 event handlers and 1 timer and 0 services
2024-05-18 07:17:52,768 [INFO] Deploying model to server, and starting debug...
2024-05-18 07:17:53,162 [INFO] Model successfully deployed.
2024-05-18 07:17:53,162 [INFO] Waiting for events...
2024-05-18 07:18:10,295 [INFO] Called timer task TimerInvocationTask{className='com.social_network.timers.CheckCompleteYearsFromCreatedDateTimer', abstractRequest=RequestMethodInvocation(super=InvocationRequest(super=AbstractRequest(lang=JAVA, id=6864EFAC-199A-4A73-816F-9C22E93E25AA, responseChannelId=null, applicationId=D6BB7AB9-473E-1462-FF54-292662C3A500, initAppData=InitAppData{apiKey='F7E8DCCE-7480-46CF-B7E5-77A2D6D558DE', url='https://eu-api.backendless.com'}, timestamp=1716016689801, invocationOverheadTimeoutInMillis=0, timeout=7200000, threadCount=1, invocationContextDto=null, relativePath=files/servercode/JAVA/default/DEBUG/, deploymentModelName=default, loggers=[Logger(id=21AF64CC-3637-4224-B72E-26BC5D571019, name=Global logger, level=ALL, policy=DATE-BASED, value=, logFormat=%d | %c | %5p | %m%n), Logger(id=3748215C-8222-4FBC-A00E-60925713C808, name=js/login.js, level=ERROR, policy=DATE-BASED, value=null, logFormat=%d | %c | %5p | %m%n), Logger(id=43909149-65A9-4C62-A130-0F17FFAE64F9, name=js.login.js, level=ERROR, policy=DATE-BASED, value=null, logFormat=%d | %c | %5p | %m%n), Logger(id=B11DA6A9-73FC-4CFC-94FF-458C6772390A, name=SMTP Logger, level=ERROR, policy=DATE-BASED, value=null, logFormat=%d | %c | %5p | %m%n), Logger(id=C85F799C-4933-4F86-90E7-934D3AA9109C, name=com.social_network.timers.CheckCompleteYearsFromCreatedDateTimer, level=INFO, policy=DATE-BASED, value=null, logFormat=%d | %c | %5p | %m%n), Logger(id=D21161B2-811C-4D86-9743-A91E10466A62, name=js/files.js, level=ERROR, policy=DATE-BASED, value=null, logFormat=%d | %c | %5p | %m%n), Logger(id=EAEABAEB-D6B9-417B-AAD6-C74C8141C65A, name=js/global.js, level=ERROR, policy=DATE-BASED, value=null, logFormat=%d | %c | %5p | %m%n)]), mode=Debug, async=true), eventId=800, arguments=null, target=CheckCompleteYearsFromCreatedDate, provider=com.social_network.timers.CheckCompleteYearsFromCreatedDateTimer)}
2024-05-18 07:20:37,212 [ERROR] Cannot invoke "String.isBlank()" because "argument" is null
2024-05-18 07:20:37,213 [WARN] Please wait. Stopping all running tasks and started threads, and freeing resources.
2024-05-18 07:20:38,035 [INFO] Debugging Utility disconnected successfully
2024-05-18 07:20:38,036 [INFO] Thank you for using Backendless
2024-05-18 07:20:45,433 [INFO] Local Date and Time: 2024-05-18T07:20:45.432080
2024-05-18 07:20:45,437 [INFO] JDK from "JAVA_HOME" - C:\Users\STASON\.jdks\azul-17.0.6
2024-05-18 07:20:45,494 [INFO] CodeRunner(tm) Backendless Debugging Utility
2024-05-18 07:20:45,495 [INFO] Copyright(C) 2024 Backendless Corp. All rights reserved. 
2024-05-18 07:20:45,496 [INFO] Build date: 2024-05-09T16:36:03Z
Version: 7.0.12.7
Build id: 258147
VCS revision: 8b847affdd300ff3532c216eaec2d9df82dbf1a9
2024-05-18 07:20:45,498 [INFO] CodeRunner session is running for 2 hours and will be terminated on 09:20:45.496090200[UTC]
2024-05-18 07:20:45,644 [INFO] Management port is absent, management server not started
2024-05-18 07:20:45,645 [INFO] Registering runner on: 'https://eu-api.backendless.com'
2024-05-18 07:20:45,645 [INFO] Application ID:  'D6BB7AB9-473E-1462-FF54-292662C3A500'
2024-05-18 07:20:45,646 [INFO] Api key:         'F7E8DCCE-7480-46CF-B7E5-77A2D6D558DE'
2024-05-18 07:20:46,884 [INFO] Runner successfully registered
2024-05-18 07:20:46,894 [INFO] Parsing event model...
2024-05-18 07:20:46,938 [WARN] Timer's 'CheckCompleteYearsFromCreatedDate' start time is in the past. The timer will run accordingly to the schedule.
2024-05-18 07:20:47,065 [INFO] Scan file: '..\libs\commons-6.7.5.1.jar'
2024-05-18 07:20:47,066 [ERROR] Error while parsing jar file ..\libs\commons-6.7.5.1.jar. com/fasterxml/jackson/databind/JsonSerializer
2024-05-18 07:20:47,066 [INFO] Scan file: '..\libs\java-client-sdk-7.0.6.jar'
2024-05-18 07:20:47,069 [INFO] Scan file: '..\libs\java-sdk-common-7.0.6.jar'
2024-05-18 07:20:47,110 [ERROR] Error while parsing jar file ..\libs\java-sdk-common-7.0.6.jar. io/socket/emitter/Emitter$Listener
2024-05-18 07:20:47,111 [INFO] Scan file: '..\libs\servlet-api-2.5.jar'
2024-05-18 07:20:47,121 [INFO] Scan file: '..\libs\weborbclient-5.2.0.8.jar'
2024-05-18 07:20:47,125 [ERROR] Error while parsing jar file ..\libs\weborbclient-5.2.0.8.jar. org/apache/mina/core/future/IoFutureListener
2024-05-18 07:20:47,125 [INFO] In target directory '..\libs' present 5 jar files: [commons-6.7.5.1.jar, java-client-sdk-7.0.6.jar, java-sdk-common-7.0.6.jar, servlet-api-2.5.jar, weborbclient-5.2.0.8.jar]
2024-05-18 07:20:47,125 [INFO] Service classes size from libs: 0
2024-05-18 07:20:47,128 [INFO] Service classes size from classes: 0
2024-05-18 07:20:47,128 [INFO] Service classes is empty
2024-05-18 07:20:47,250 [INFO] Build successfully: 2 event handlers and 1 timer and 0 services
2024-05-18 07:20:47,251 [INFO] Deploying model to server, and starting debug...
2024-05-18 07:20:47,657 [INFO] Model successfully deployed.
2024-05-18 07:20:47,657 [INFO] Waiting for events...
2024-05-18 07:24:01,017 [INFO] Called timer task TimerInvocationTask{className='com.social_network.timers.CheckCompleteYearsFromCreatedDateTimer', abstractRequest=RequestMethodInvocation(super=InvocationRequest(super=AbstractRequest(lang=JAVA, id=35003A1D-275C-48C0-9305-AB76043ACFFB, responseChannelId=null, applicationId=D6BB7AB9-473E-1462-FF54-292662C3A500, initAppData=InitAppData{apiKey='F7E8DCCE-7480-46CF-B7E5-77A2D6D558DE', url='https://eu-api.backendless.com'}, timestamp=1716017040471, invocationOverheadTimeoutInMillis=0, timeout=7200000, threadCount=1, invocationContextDto=null, relativePath=files/servercode/JAVA/default/DEBUG/, deploymentModelName=default, loggers=[Logger(id=21AF64CC-3637-4224-B72E-26BC5D571019, name=Global logger, level=ALL, policy=DATE-BASED, value=, logFormat=%d | %c | %5p | %m%n), Logger(id=3748215C-8222-4FBC-A00E-60925713C808, name=js/login.js, level=ERROR, policy=DATE-BASED, value=null, logFormat=%d | %c | %5p | %m%n), Logger(id=43909149-65A9-4C62-A130-0F17FFAE64F9, name=js.login.js, level=ERROR, policy=DATE-BASED, value=null, logFormat=%d | %c | %5p | %m%n), Logger(id=B11DA6A9-73FC-4CFC-94FF-458C6772390A, name=SMTP Logger, level=ERROR, policy=DATE-BASED, value=null, logFormat=%d | %c | %5p | %m%n), Logger(id=C85F799C-4933-4F86-90E7-934D3AA9109C, name=com.social_network.timers.CheckCompleteYearsFromCreatedDateTimer, level=INFO, policy=DATE-BASED, value=null, logFormat=%d | %c | %5p | %m%n), Logger(id=D21161B2-811C-4D86-9743-A91E10466A62, name=js/files.js, level=ERROR, policy=DATE-BASED, value=null, logFormat=%d | %c | %5p | %m%n), Logger(id=EAEABAEB-D6B9-417B-AAD6-C74C8141C65A, name=js/global.js, level=ERROR, policy=DATE-BASED, value=null, logFormat=%d | %c | %5p | %m%n)]), mode=Debug, async=true), eventId=800, arguments=null, target=CheckCompleteYearsFromCreatedDate, provider=com.social_network.timers.CheckCompleteYearsFromCreatedDateTimer)}
2024-05-18 07:25:33,240 [ERROR] Cannot invoke "String.isBlank()" because "argument" is null
2024-05-18 07:25:33,240 [WARN] Please wait. Stopping all running tasks and started threads, and freeing resources.
2024-05-18 07:25:34,046 [INFO] Debugging Utility disconnected successfully
2024-05-18 07:25:34,046 [INFO] Thank you for using Backendless
2024-05-18 07:25:38,515 [INFO] Local Date and Time: 2024-05-18T07:25:38.514546300
2024-05-18 07:25:38,520 [INFO] JDK from "JAVA_HOME" - C:\Users\STASON\.jdks\azul-17.0.6
2024-05-18 07:25:38,582 [INFO] CodeRunner(tm) Backendless Debugging Utility
2024-05-18 07:25:38,582 [INFO] Copyright(C) 2024 Backendless Corp. All rights reserved. 
2024-05-18 07:25:38,583 [INFO] Build date: 2024-05-09T16:36:03Z
Version: 7.0.12.7
Build id: 258147
VCS revision: 8b847affdd300ff3532c216eaec2d9df82dbf1a9
2024-05-18 07:25:38,585 [INFO] CodeRunner session is running for 2 hours and will be terminated on 09:25:38.584563800[UTC]
2024-05-18 07:25:38,737 [INFO] Management port is absent, management server not started
2024-05-18 07:25:38,738 [INFO] Registering runner on: 'https://eu-api.backendless.com'
2024-05-18 07:25:38,738 [INFO] Application ID:  'D6BB7AB9-473E-1462-FF54-292662C3A500'
2024-05-18 07:25:38,738 [INFO] Api key:         'F7E8DCCE-7480-46CF-B7E5-77A2D6D558DE'
2024-05-18 07:25:39,957 [INFO] Runner successfully registered
2024-05-18 07:25:39,968 [INFO] Parsing event model...
2024-05-18 07:25:39,993 [WARN] Timer's 'CheckCompleteYearsFromCreatedDate' start time is in the past. The timer will run accordingly to the schedule.
2024-05-18 07:25:40,119 [INFO] Scan file: '..\libs\commons-6.7.5.1.jar'
2024-05-18 07:25:40,121 [ERROR] Error while parsing jar file ..\libs\commons-6.7.5.1.jar. com/fasterxml/jackson/databind/JsonSerializer
2024-05-18 07:25:40,121 [INFO] Scan file: '..\libs\java-client-sdk-7.0.6.jar'
2024-05-18 07:25:40,124 [INFO] Scan file: '..\libs\java-sdk-common-7.0.6.jar'
2024-05-18 07:25:40,166 [ERROR] Error while parsing jar file ..\libs\java-sdk-common-7.0.6.jar. io/socket/emitter/Emitter$Listener
2024-05-18 07:25:40,167 [INFO] Scan file: '..\libs\servlet-api-2.5.jar'
2024-05-18 07:25:40,179 [INFO] Scan file: '..\libs\weborbclient-5.2.0.8.jar'
2024-05-18 07:25:40,183 [ERROR] Error while parsing jar file ..\libs\weborbclient-5.2.0.8.jar. org/apache/mina/core/future/IoFutureListener
2024-05-18 07:25:40,184 [INFO] In target directory '..\libs' present 5 jar files: [commons-6.7.5.1.jar, java-client-sdk-7.0.6.jar, java-sdk-common-7.0.6.jar, servlet-api-2.5.jar, weborbclient-5.2.0.8.jar]
2024-05-18 07:25:40,184 [INFO] Service classes size from libs: 0
2024-05-18 07:25:40,187 [INFO] Service classes size from classes: 0
2024-05-18 07:25:40,187 [INFO] Service classes is empty
2024-05-18 07:25:40,313 [INFO] Build successfully: 2 event handlers and 1 timer and 0 services
2024-05-18 07:25:40,314 [INFO] Deploying model to server, and starting debug...
2024-05-18 07:25:40,695 [INFO] Model successfully deployed.
2024-05-18 07:25:40,695 [INFO] Waiting for events...
2024-05-18 07:27:41,741 [INFO] Called timer task TimerInvocationTask{className='com.social_network.timers.CheckCompleteYearsFromCreatedDateTimer', abstractRequest=RequestMethodInvocation(super=InvocationRequest(super=AbstractRequest(lang=JAVA, id=C2196C7D-EE43-4426-890F-648779727910, responseChannelId=null, applicationId=D6BB7AB9-473E-1462-FF54-292662C3A500, initAppData=InitAppData{apiKey='F7E8DCCE-7480-46CF-B7E5-77A2D6D558DE', url='https://eu-api.backendless.com'}, timestamp=1716017260982, invocationOverheadTimeoutInMillis=0, timeout=7200000, threadCount=1, invocationContextDto=null, relativePath=files/servercode/JAVA/default/DEBUG/, deploymentModelName=default, loggers=[Logger(id=21AF64CC-3637-4224-B72E-26BC5D571019, name=Global logger, level=ALL, policy=DATE-BASED, value=, logFormat=%d | %c | %5p | %m%n), Logger(id=3748215C-8222-4FBC-A00E-60925713C808, name=js/login.js, level=ERROR, policy=DATE-BASED, value=null, logFormat=%d | %c | %5p | %m%n), Logger(id=43909149-65A9-4C62-A130-0F17FFAE64F9, name=js.login.js, level=ERROR, policy=DATE-BASED, value=null, logFormat=%d | %c | %5p | %m%n), Logger(id=B11DA6A9-73FC-4CFC-94FF-458C6772390A, name=SMTP Logger, level=ERROR, policy=DATE-BASED, value=null, logFormat=%d | %c | %5p | %m%n), Logger(id=C85F799C-4933-4F86-90E7-934D3AA9109C, name=com.social_network.timers.CheckCompleteYearsFromCreatedDateTimer, level=INFO, policy=DATE-BASED, value=null, logFormat=%d | %c | %5p | %m%n), Logger(id=D21161B2-811C-4D86-9743-A91E10466A62, name=js/files.js, level=ERROR, policy=DATE-BASED, value=null, logFormat=%d | %c | %5p | %m%n), Logger(id=EAEABAEB-D6B9-417B-AAD6-C74C8141C65A, name=js/global.js, level=ERROR, policy=DATE-BASED, value=null, logFormat=%d | %c | %5p | %m%n)]), mode=Debug, async=true), eventId=800, arguments=null, target=CheckCompleteYearsFromCreatedDate, provider=com.social_network.timers.CheckCompleteYearsFromCreatedDateTimer)}
2024-05-18 07:38:14,187 [ERROR] Cannot invoke "String.isBlank()" because "argument" is null
2024-05-18 07:38:14,188 [WARN] Please wait. Stopping all running tasks and started threads, and freeing resources.
2024-05-18 07:38:15,067 [INFO] Debugging Utility disconnected successfully
2024-05-18 07:38:15,068 [INFO] Thank you for using Backendless
2024-05-18 07:38:29,204 [INFO] Local Date and Time: 2024-05-18T07:38:29.203800200
2024-05-18 07:38:29,208 [INFO] JDK from "JAVA_HOME" - C:\Users\STASON\.jdks\azul-17.0.6
2024-05-18 07:38:29,266 [INFO] CodeRunner(tm) Backendless Debugging Utility
2024-05-18 07:38:29,267 [INFO] Copyright(C) 2024 Backendless Corp. All rights reserved. 
2024-05-18 07:38:29,268 [INFO] Build date: 2024-05-09T16:36:03Z
Version: 7.0.12.7
Build id: 258147
VCS revision: 8b847affdd300ff3532c216eaec2d9df82dbf1a9
2024-05-18 07:38:29,270 [INFO] CodeRunner session is running for 2 hours and will be terminated on 09:38:29.268812800[UTC]
2024-05-18 07:38:29,419 [INFO] Management port is absent, management server not started
2024-05-18 07:38:29,419 [INFO] Registering runner on: 'https://eu-api.backendless.com'
2024-05-18 07:38:29,420 [INFO] Application ID:  'D6BB7AB9-473E-1462-FF54-292662C3A500'
2024-05-18 07:38:29,420 [INFO] Api key:         'F7E8DCCE-7480-46CF-B7E5-77A2D6D558DE'
2024-05-18 07:38:30,668 [INFO] Runner successfully registered
2024-05-18 07:38:30,678 [INFO] Parsing event model...
2024-05-18 07:38:30,724 [WARN] Timer's 'CheckCompleteYearsFromCreatedDate' start time is in the past. The timer will run accordingly to the schedule.
2024-05-18 07:38:30,851 [INFO] Scan file: '..\libs\commons-6.7.5.1.jar'
2024-05-18 07:38:30,853 [ERROR] Error while parsing jar file ..\libs\commons-6.7.5.1.jar. com/fasterxml/jackson/databind/JsonSerializer
2024-05-18 07:38:30,854 [INFO] Scan file: '..\libs\java-client-sdk-7.0.6.jar'
2024-05-18 07:38:30,856 [INFO] Scan file: '..\libs\java-sdk-common-7.0.6.jar'
2024-05-18 07:38:30,898 [ERROR] Error while parsing jar file ..\libs\java-sdk-common-7.0.6.jar. io/socket/emitter/Emitter$Listener
2024-05-18 07:38:30,899 [INFO] Scan file: '..\libs\servlet-api-2.5.jar'
2024-05-18 07:38:30,909 [INFO] Scan file: '..\libs\weborbclient-5.2.0.8.jar'
2024-05-18 07:38:30,913 [ERROR] Error while parsing jar file ..\libs\weborbclient-5.2.0.8.jar. org/apache/mina/core/future/IoFutureListener
2024-05-18 07:38:30,913 [INFO] In target directory '..\libs' present 5 jar files: [commons-6.7.5.1.jar, java-client-sdk-7.0.6.jar, java-sdk-common-7.0.6.jar, servlet-api-2.5.jar, weborbclient-5.2.0.8.jar]
2024-05-18 07:38:30,914 [INFO] Service classes size from libs: 0
2024-05-18 07:38:30,916 [INFO] Service classes size from classes: 0
2024-05-18 07:38:30,916 [INFO] Service classes is empty
2024-05-18 07:38:31,038 [INFO] Build successfully: 2 event handlers and 1 timer and 0 services
2024-05-18 07:38:31,039 [INFO] Deploying model to server, and starting debug...
2024-05-18 07:38:31,436 [INFO] Model successfully deployed.
2024-05-18 07:38:31,437 [INFO] Waiting for events...
2024-05-18 07:39:16,259 [INFO] Called timer task TimerInvocationTask{className='com.social_network.timers.CheckCompleteYearsFromCreatedDateTimer', abstractRequest=RequestMethodInvocation(super=InvocationRequest(super=AbstractRequest(lang=JAVA, id=595DB4EF-8D94-404B-BE95-D43F579C7160, responseChannelId=null, applicationId=D6BB7AB9-473E-1462-FF54-292662C3A500, initAppData=InitAppData{apiKey='F7E8DCCE-7480-46CF-B7E5-77A2D6D558DE', url='https://eu-api.backendless.com'}, timestamp=1716017955225, invocationOverheadTimeoutInMillis=0, timeout=7200000, threadCount=1, invocationContextDto=null, relativePath=files/servercode/JAVA/default/DEBUG/, deploymentModelName=default, loggers=[Logger(id=21AF64CC-3637-4224-B72E-26BC5D571019, name=Global logger, level=ALL, policy=DATE-BASED, value=, logFormat=%d | %c | %5p | %m%n), Logger(id=3748215C-8222-4FBC-A00E-60925713C808, name=js/login.js, level=ERROR, policy=DATE-BASED, value=null, logFormat=%d | %c | %5p | %m%n), Logger(id=43909149-65A9-4C62-A130-0F17FFAE64F9, name=js.login.js, level=ERROR, policy=DATE-BASED, value=null, logFormat=%d | %c | %5p | %m%n), Logger(id=B11DA6A9-73FC-4CFC-94FF-458C6772390A, name=SMTP Logger, level=ERROR, policy=DATE-BASED, value=null, logFormat=%d | %c | %5p | %m%n), Logger(id=C85F799C-4933-4F86-90E7-934D3AA9109C, name=com.social_network.timers.CheckCompleteYearsFromCreatedDateTimer, level=INFO, policy=DATE-BASED, value=null, logFormat=%d | %c | %5p | %m%n), Logger(id=D21161B2-811C-4D86-9743-A91E10466A62, name=js/files.js, level=ERROR, policy=DATE-BASED, value=null, logFormat=%d | %c | %5p | %m%n), Logger(id=EAEABAEB-D6B9-417B-AAD6-C74C8141C65A, name=js/global.js, level=ERROR, policy=DATE-BASED, value=null, logFormat=%d | %c | %5p | %m%n)]), mode=Debug, async=true), eventId=800, arguments=null, target=CheckCompleteYearsFromCreatedDate, provider=com.social_network.timers.CheckCompleteYearsFromCreatedDateTimer)}
2024-05-18 07:46:47,539 [ERROR] Cannot invoke "String.isBlank()" because "argument" is null
2024-05-18 07:46:47,540 [WARN] Please wait. Stopping all running tasks and started threads, and freeing resources.
2024-05-18 07:46:48,375 [INFO] Debugging Utility disconnected successfully
2024-05-18 07:46:48,375 [INFO] Thank you for using Backendless
2024-05-18 07:47:02,783 [INFO] Local Date and Time: 2024-05-18T07:47:02.782594800
2024-05-18 07:47:02,787 [INFO] JDK from "JAVA_HOME" - C:\Users\STASON\.jdks\azul-17.0.6
2024-05-18 07:47:02,835 [INFO] CodeRunner(tm) Backendless Debugging Utility
2024-05-18 07:47:02,836 [INFO] Copyright(C) 2024 Backendless Corp. All rights reserved. 
2024-05-18 07:47:02,837 [INFO] Build date: 2024-05-09T16:36:03Z
Version: 7.0.12.7
Build id: 258147
VCS revision: 8b847affdd300ff3532c216eaec2d9df82dbf1a9
2024-05-18 07:47:02,838 [INFO] CodeRunner session is running for 2 hours and will be terminated on 09:47:02.837508900[UTC]
2024-05-18 07:47:02,985 [INFO] Management port is absent, management server not started
2024-05-18 07:47:02,996 [INFO] Parsing event model...
2024-05-18 07:47:03,030 [WARN] Timer's 'CheckCompleteYearsFromCreatedDate' start time is in the past. The timer will run accordingly to the schedule.
2024-05-18 07:47:03,167 [INFO] Scan file: '..\libs\commons-6.7.5.1.jar'
2024-05-18 07:47:03,169 [ERROR] Error while parsing jar file ..\libs\commons-6.7.5.1.jar. com/fasterxml/jackson/databind/JsonSerializer
2024-05-18 07:47:03,169 [INFO] Scan file: '..\libs\java-client-sdk-7.0.6.jar'
2024-05-18 07:47:03,172 [INFO] Scan file: '..\libs\java-sdk-common-7.0.6.jar'
2024-05-18 07:47:03,215 [ERROR] Error while parsing jar file ..\libs\java-sdk-common-7.0.6.jar. io/socket/emitter/Emitter$Listener
2024-05-18 07:47:03,216 [INFO] Scan file: '..\libs\servlet-api-2.5.jar'
2024-05-18 07:47:03,227 [INFO] Scan file: '..\libs\weborbclient-5.2.0.8.jar'
2024-05-18 07:47:03,231 [ERROR] Error while parsing jar file ..\libs\weborbclient-5.2.0.8.jar. org/apache/mina/core/future/IoFutureListener
2024-05-18 07:47:03,232 [INFO] In target directory '..\libs' present 5 jar files: [commons-6.7.5.1.jar, java-client-sdk-7.0.6.jar, java-sdk-common-7.0.6.jar, servlet-api-2.5.jar, weborbclient-5.2.0.8.jar]
2024-05-18 07:47:03,232 [INFO] Service classes size from libs: 0
2024-05-18 07:47:03,234 [INFO] Service classes size from classes: 0
2024-05-18 07:47:03,234 [INFO] Service classes is empty
2024-05-18 07:47:03,363 [INFO] Build successfully: 2 event handlers and 1 timer and 0 services
2024-05-18 07:47:03,364 [WARN] IMPORTANT! The business logic code will be deployed to model "default".
Any business logic which is already deployed on the server in that model
will be removed and replaced with the code from your current project.
If this is an undesired behavior, stop now and set a different deployment model
either by using the -model argument or changing the model name in runner.properties.
2024-05-18 07:47:05,572 [INFO] Publishing 2 event handlers and 1 timer and 0 services to the server… 
2024-05-18 07:47:06,909 [ERROR] {"code":11005,"message":"You have reached the plan's \"Business Logic scripts\" limit. The pricing plan of your app does not allow more items of this kind. To increase the limit you need to upgrade to a plan with bigger limits","errorData":{}}
2024-05-18 07:47:06,910 [WARN] Please wait. Stopping all running tasks and started threads, and freeing resources.
2024-05-18 07:47:06,911 [INFO] Debugging Utility disconnected successfully
2024-05-18 07:47:06,911 [INFO] Thank you for using Backendless
2024-05-18 07:57:13,457 [INFO] Local Date and Time: 2024-05-18T07:57:13.457479
2024-05-18 07:57:13,462 [INFO] JDK from "JAVA_HOME" - C:\Users\STASON\.jdks\azul-17.0.6
2024-05-18 07:57:13,510 [INFO] CodeRunner(tm) Backendless Debugging Utility
2024-05-18 07:57:13,510 [INFO] Copyright(C) 2024 Backendless Corp. All rights reserved. 
2024-05-18 07:57:13,511 [INFO] Build date: 2024-05-09T16:36:03Z
Version: 7.0.12.7
Build id: 258147
VCS revision: 8b847affdd300ff3532c216eaec2d9df82dbf1a9
2024-05-18 07:57:13,513 [INFO] CodeRunner session is running for 2 hours and will be terminated on 09:57:13.511484500[UTC]
2024-05-18 07:57:13,666 [INFO] Management port is absent, management server not started
2024-05-18 07:57:13,677 [INFO] Parsing event model...
2024-05-18 07:57:13,709 [WARN] Timer's 'CheckCompleteYearsFromCreatedDate' start time is in the past. The timer will run accordingly to the schedule.
2024-05-18 07:57:13,849 [INFO] Scan file: '..\libs\commons-6.7.5.1.jar'
2024-05-18 07:57:13,851 [ERROR] Error while parsing jar file ..\libs\commons-6.7.5.1.jar. com/fasterxml/jackson/databind/JsonSerializer
2024-05-18 07:57:13,851 [INFO] Scan file: '..\libs\java-client-sdk-7.0.6.jar'
2024-05-18 07:57:13,854 [INFO] Scan file: '..\libs\java-sdk-common-7.0.6.jar'
2024-05-18 07:57:13,897 [ERROR] Error while parsing jar file ..\libs\java-sdk-common-7.0.6.jar. io/socket/emitter/Emitter$Listener
2024-05-18 07:57:13,897 [INFO] Scan file: '..\libs\servlet-api-2.5.jar'
2024-05-18 07:57:13,908 [INFO] Scan file: '..\libs\weborbclient-5.2.0.8.jar'
2024-05-18 07:57:13,913 [ERROR] Error while parsing jar file ..\libs\weborbclient-5.2.0.8.jar. org/apache/mina/core/future/IoFutureListener
2024-05-18 07:57:13,913 [INFO] In target directory '..\libs' present 5 jar files: [commons-6.7.5.1.jar, java-client-sdk-7.0.6.jar, java-sdk-common-7.0.6.jar, servlet-api-2.5.jar, weborbclient-5.2.0.8.jar]
2024-05-18 07:57:13,913 [INFO] Service classes size from libs: 0
2024-05-18 07:57:13,915 [INFO] Service classes size from classes: 0
2024-05-18 07:57:13,916 [INFO] Service classes is empty
2024-05-18 07:57:14,044 [INFO] Build successfully: 2 event handlers and 1 timer and 0 services
2024-05-18 07:57:14,046 [WARN] IMPORTANT! The business logic code will be deployed to model "default".
Any business logic which is already deployed on the server in that model
will be removed and replaced with the code from your current project.
If this is an undesired behavior, stop now and set a different deployment model
either by using the -model argument or changing the model name in runner.properties.
2024-05-18 07:57:20,328 [INFO] Publishing 2 event handlers and 1 timer and 0 services to the server… 
2024-05-18 07:57:21,660 [ERROR] {"code":11005,"message":"You have reached the plan's \"Business Logic scripts\" limit. The pricing plan of your app does not allow more items of this kind. To increase the limit you need to upgrade to a plan with bigger limits","errorData":{}}
2024-05-18 07:57:21,661 [WARN] Please wait. Stopping all running tasks and started threads, and freeing resources.
2024-05-18 07:57:21,661 [INFO] Debugging Utility disconnected successfully
2024-05-18 07:57:21,662 [INFO] Thank you for using Backendless
2024-05-18 07:59:48,935 [INFO] Local Date and Time: 2024-05-18T07:59:48.934343600
2024-05-18 07:59:48,939 [INFO] JDK from "JAVA_HOME" - C:\Users\STASON\.jdks\azul-17.0.6
2024-05-18 07:59:48,990 [INFO] CodeRunner(tm) Backendless Debugging Utility
2024-05-18 07:59:48,990 [INFO] Copyright(C) 2024 Backendless Corp. All rights reserved. 
2024-05-18 07:59:48,991 [INFO] Build date: 2024-05-09T16:36:03Z
Version: 7.0.12.7
Build id: 258147
VCS revision: 8b847affdd300ff3532c216eaec2d9df82dbf1a9
2024-05-18 07:59:48,993 [INFO] CodeRunner session is running for 2 hours and will be terminated on 09:59:48.992348[UTC]
2024-05-18 07:59:49,149 [INFO] Management port is absent, management server not started
2024-05-18 07:59:49,162 [INFO] Parsing event model...
2024-05-18 07:59:49,202 [WARN] Timer's 'CheckCompleteYearsFromCreatedDate' start time is in the past. The timer will run accordingly to the schedule.
2024-05-18 07:59:49,342 [INFO] Scan file: '..\libs\commons-6.7.5.1.jar'
2024-05-18 07:59:49,344 [ERROR] Error while parsing jar file ..\libs\commons-6.7.5.1.jar. com/fasterxml/jackson/databind/JsonSerializer
2024-05-18 07:59:49,345 [INFO] Scan file: '..\libs\java-client-sdk-7.0.6.jar'
2024-05-18 07:59:49,347 [INFO] Scan file: '..\libs\java-sdk-common-7.0.6.jar'
2024-05-18 07:59:49,392 [ERROR] Error while parsing jar file ..\libs\java-sdk-common-7.0.6.jar. io/socket/emitter/Emitter$Listener
2024-05-18 07:59:49,392 [INFO] Scan file: '..\libs\servlet-api-2.5.jar'
2024-05-18 07:59:49,403 [INFO] Scan file: '..\libs\weborbclient-5.2.0.8.jar'
2024-05-18 07:59:49,407 [ERROR] Error while parsing jar file ..\libs\weborbclient-5.2.0.8.jar. org/apache/mina/core/future/IoFutureListener
2024-05-18 07:59:49,407 [INFO] In target directory '..\libs' present 5 jar files: [commons-6.7.5.1.jar, java-client-sdk-7.0.6.jar, java-sdk-common-7.0.6.jar, servlet-api-2.5.jar, weborbclient-5.2.0.8.jar]
2024-05-18 07:59:49,408 [INFO] Service classes size from libs: 0
2024-05-18 07:59:49,410 [INFO] Service classes size from classes: 0
2024-05-18 07:59:49,410 [INFO] Service classes is empty
2024-05-18 07:59:49,541 [INFO] Build successfully: 1 event handler and 1 timer and 0 services
2024-05-18 07:59:49,542 [WARN] IMPORTANT! The business logic code will be deployed to model "default".
Any business logic which is already deployed on the server in that model
will be removed and replaced with the code from your current project.
If this is an undesired behavior, stop now and set a different deployment model
either by using the -model argument or changing the model name in runner.properties.
2024-05-18 07:59:51,889 [INFO] Publishing 1 event handler and 1 timer and 0 services to the server… 
2024-05-18 07:59:53,284 [INFO] Successfully published all event handlers and timers. 
2024-05-18 07:59:53,284 [INFO] After publish CodeRunner should be stopped.
2024-05-18 07:59:53,285 [INFO] CodeRunner will shutdown now, please wait.
2024-05-18 07:59:53,285 [WARN] Please wait. Stopping all running tasks and started threads, and freeing resources.
2024-05-18 07:59:53,286 [INFO] Debugging Utility disconnected successfully
2024-05-18 07:59:53,286 [INFO] Thank you for using Backendless
2024-05-18 07:59:53,286 [WARN] Please wait. Stopping all running tasks and started threads, and freeing resources.
2024-05-18 07:59:53,287 [INFO] Debugging Utility disconnected successfully
2024-05-18 07:59:53,287 [INFO] Thank you for using Backendless
